[90m2024-11-06T16:17:28.736Z[39m [32mDEBUG[39m [97m@wdio/browserstack-service[39m Sending SDK event with data {
  userName: 'paulfreire_Kd7cMZ',
  accessKey: '4XEJ1JC4ydmn1wnHyEi6',
  event_type: 'SDKTestAttempted',
  detectedFramework: 'WebdriverIO-mocha',
  event_properties: {
    language_framework: 'WebdriverIO_mocha',
    referrer: 'WebdriverIO-mocha/9.2.6',
    language: 'WebdriverIO',
    languageVersion: 'v22.10.0',
    buildName: 'undefined',
    buildIdentifier: 'undefined',
    os: 'Darwin',
    hostname: 'Crifas-MacBook-Pro-2.local',
    productMap: {
      observability: true,
      accessibility: false,
      percy: false,
      automate: true,
      app_automate: false
    },
    product: [ 'observability', 'automate' ]
  }
}
[90m2024-11-06T16:17:29.295Z[39m [32mDEBUG[39m [97m@wdio/browserstack-service[39m Funnel Event Response: "{\"message\":\"SDK Event recorded successfully\"}"
[90m2024-11-06T16:17:29.295Z[39m [32mDEBUG[39m [97m@wdio/browserstack-service[39m Funnel event success
[90m2024-11-06T16:17:29.295Z[39m [32mDEBUG[39m [97m@wdio/browserstack-service[39m app is not defined in browserstack-service config, skipping ...
[90m2024-11-06T16:17:29.296Z[39m [32mDEBUG[39m [97m@wdio/browserstack-service[39m Sending launch start event
[90m2024-11-06T16:17:29.885Z[39m [32mDEBUG[39m [97m@wdio/browserstack-service[39m [Start_Build] Success response: {"build_hashed_id":"dph9grv65d4zwe0bqnc31oeqrwpozoe8puauwm5h","jwt":"eyJhbGciOiJIUzI1NiJ9.eyJpc3MiOiJicm93c2Vyc3RhY2tfb2IiLCJzdWIiOiI5MDgwNTg4IiwiZ3JvdXBfaWQiOjg5OTE1NjMsInVzZXJfaWQiOjkwODA1ODgsImJ1aWxkX2hhc2hlZF9pZCI6ImRwaDlncnY2NWQ0endlMGJxbmMzMW9lcXJ3cG96b2U4cHVhdXdtNWgiLCJob29rX2FzX3Rlc3QiOiIxIiwiYnVpbGRfbmFtZSI6IndkaW8tYXBwaXVtIiwicHJvZHVjdF9tYXAiOiJ7XCJvYnNlcnZhYmlsaXR5XCI6dHJ1ZSxcIm9yaWdpbkZyb21Qcm9kdWN0TWFwXCI6XCJVbmtub3duR3JpZFwiLFwiYnN0YWNrQXV0b21hdGlvblwiOmZhbHNlLFwiY2FkXCI6dHJ1ZX0iLCJncnJfcmVnaW9uIjoiIiwic2lnbmluZ19rZXlfaGFzaCI6IjdkZjZlNjgzYzY3MDkxYjZiY2FiNDk1ZTNmN2YyYWExNjljNzVmMzFmYmFmYTUwZjQ3MDI0YzgxYjllNzA1M2QiLCJpYXQiOjE3MzA5MDk4NDksImV4cCI6MTczMTI1NTQ0OX0.zqtYQy7d3Mg0Qk68Cl_a0GUkemDpvx6JLyAKECZ6mBw","allow_screenshots":true}
[90m2024-11-06T16:17:29.886Z[39m [96mINFO[39m [97m@wdio/browserstack-service[39m browserstackLocal is not enabled - skipping...
[90m2024-11-06T16:17:53.020Z[39m [32mDEBUG[39m [97m@wdio/browserstack-service[39m Requesting Browserstack session URL at https://api-cloud.browserstack.com/app-automate/sessions/55e364582fd33e96aff3e6a525dd5b879d6cb4e4.json
[90m2024-11-06T16:17:53.725Z[39m [96mINFO[39m [97m@wdio/browserstack-service[39m  session: https://app-automate.browserstack.com/builds/68fb582f93fd4e9b105028e8875a26ae8e27de29/sessions/55e364582fd33e96aff3e6a525dd5b879d6cb4e4
[90m2024-11-06T16:17:53.729Z[39m [96mINFO[39m [97m@wdio/browserstack-service[39m Update job with sessionId 55e364582fd33e96aff3e6a525dd5b879d6cb4e4
[90m2024-11-06T16:17:53.729Z[39m [32mDEBUG[39m [97m@wdio/browserstack-service[39m Updating Browserstack session at https://api-cloud.browserstack.com/app-automate/sessions/55e364582fd33e96aff3e6a525dd5b879d6cb4e4.json with request body: 
[90m2024-11-06T16:17:53.930Z[39m [96mINFO[39m [97m@wdio/browserstack-service[39m Update job with sessionId 55e364582fd33e96aff3e6a525dd5b879d6cb4e4
[90m2024-11-06T16:17:53.930Z[39m [32mDEBUG[39m [97m@wdio/browserstack-service[39m Updating Browserstack session at https://api-cloud.browserstack.com/app-automate/sessions/55e364582fd33e96aff3e6a525dd5b879d6cb4e4.json with request body: 
[90m2024-11-06T16:17:54.275Z[39m [32mDEBUG[39m [97m@wdio/browserstack-service[39m Added data to request queue. Queue length = 1
[90m2024-11-06T16:17:55.152Z[39m [32mDEBUG[39m [97m@wdio/browserstack-service[39m Added data to request queue. Queue length = 2
[90m2024-11-06T16:17:55.922Z[39m [32mDEBUG[39m [97m@wdio/browserstack-service[39m Added data to request queue. Queue length = 3
[90m2024-11-06T16:17:56.089Z[39m [32mDEBUG[39m [97m@wdio/browserstack-service[39m Added data to request queue. Queue length = 4
[90m2024-11-06T16:17:56.262Z[39m [32mDEBUG[39m [97m@wdio/browserstack-service[39m Added data to request queue. Queue length = 5
[90m2024-11-06T16:17:56.275Z[39m [32mDEBUG[39m [97m@wdio/browserstack-service[39m Sending data from request queue. Data length = 5, Queue length after removal = 0
[90m2024-11-06T16:17:56.275Z[39m [32mDEBUG[39m [97m@wdio/browserstack-service[39m calling callback with kind INTERVAL_QUEUE
[90m2024-11-06T16:17:56.275Z[39m [32mDEBUG[39m [97m@wdio/browserstack-service[39m callback: called with events 5
[90m2024-11-06T16:17:56.503Z[39m [32mDEBUG[39m [97m@wdio/browserstack-service[39m Added data to request queue. Queue length = 1
[90m2024-11-06T16:17:56.588Z[39m [32mDEBUG[39m [97m@wdio/browserstack-service[39m [BATCH_DATA] Success response: {"success":true}
[90m2024-11-06T16:17:56.588Z[39m [32mDEBUG[39m [97m@wdio/browserstack-service[39m callback: marking events success 5
[90m2024-11-06T16:17:58.276Z[39m [32mDEBUG[39m [97m@wdio/browserstack-service[39m Sending data from request queue. Data length = 1, Queue length after removal = 0
[90m2024-11-06T16:17:58.276Z[39m [32mDEBUG[39m [97m@wdio/browserstack-service[39m calling callback with kind INTERVAL_QUEUE
[90m2024-11-06T16:17:58.276Z[39m [32mDEBUG[39m [97m@wdio/browserstack-service[39m callback: called with events 1
[90m2024-11-06T16:17:58.390Z[39m [32mDEBUG[39m [97m@wdio/browserstack-service[39m [BATCH_DATA] Success response: {"success":true}
[90m2024-11-06T16:17:58.390Z[39m [32mDEBUG[39m [97m@wdio/browserstack-service[39m callback: marking events success 1
[90m2024-11-06T16:17:59.761Z[39m [32mDEBUG[39m [97m@wdio/browserstack-service[39m Added data to request queue. Queue length = 1
[90m2024-11-06T16:18:00.276Z[39m [32mDEBUG[39m [97m@wdio/browserstack-service[39m Sending data from request queue. Data length = 1, Queue length after removal = 0
[90m2024-11-06T16:18:00.276Z[39m [32mDEBUG[39m [97m@wdio/browserstack-service[39m calling callback with kind INTERVAL_QUEUE
[90m2024-11-06T16:18:00.276Z[39m [32mDEBUG[39m [97m@wdio/browserstack-service[39m callback: called with events 1
[90m2024-11-06T16:18:00.410Z[39m [32mDEBUG[39m [97m@wdio/browserstack-service[39m [BATCH_DATA] Success response: {"success":true}
[90m2024-11-06T16:18:00.410Z[39m [32mDEBUG[39m [97m@wdio/browserstack-service[39m callback: marking events success 1
[90m2024-11-06T16:18:03.352Z[39m [32mDEBUG[39m [97m@wdio/browserstack-service[39m Added data to request queue. Queue length = 1
[90m2024-11-06T16:18:04.276Z[39m [32mDEBUG[39m [97m@wdio/browserstack-service[39m Sending data from request queue. Data length = 1, Queue length after removal = 0
[90m2024-11-06T16:18:04.276Z[39m [32mDEBUG[39m [97m@wdio/browserstack-service[39m calling callback with kind INTERVAL_QUEUE
[90m2024-11-06T16:18:04.276Z[39m [32mDEBUG[39m [97m@wdio/browserstack-service[39m callback: called with events 1
[90m2024-11-06T16:18:04.326Z[39m [32mDEBUG[39m [97m@wdio/browserstack-service[39m Added data to request queue. Queue length = 1
[90m2024-11-06T16:18:04.394Z[39m [32mDEBUG[39m [97m@wdio/browserstack-service[39m [BATCH_DATA] Success response: {"success":true}
[90m2024-11-06T16:18:04.394Z[39m [32mDEBUG[39m [97m@wdio/browserstack-service[39m callback: marking events success 1
[90m2024-11-06T16:18:04.717Z[39m [32mDEBUG[39m [97m@wdio/browserstack-service[39m Added data to request queue. Queue length = 2
[90m2024-11-06T16:18:04.899Z[39m [32mDEBUG[39m [97m@wdio/browserstack-service[39m Added data to request queue. Queue length = 3
[90m2024-11-06T16:18:05.478Z[39m [32mDEBUG[39m [97m@wdio/browserstack-service[39m Added data to request queue. Queue length = 4
[90m2024-11-06T16:18:05.481Z[39m [32mDEBUG[39m [97m@wdio/browserstack-service[39m Added data to request queue. Queue length = 5
[90m2024-11-06T16:18:05.481Z[39m [32mDEBUG[39m [97m@wdio/browserstack-service[39m Accessibility after test hook. Before sending test stop event
[90m2024-11-06T16:18:05.483Z[39m [96mINFO[39m [97m@wdio/browserstack-service[39m Update job with sessionId 55e364582fd33e96aff3e6a525dd5b879d6cb4e4
[90m2024-11-06T16:18:05.483Z[39m [32mDEBUG[39m [97m@wdio/browserstack-service[39m Updating Browserstack session at https://api-cloud.browserstack.com/app-automate/sessions/55e364582fd33e96aff3e6a525dd5b879d6cb4e4.json with request body: 
[90m2024-11-06T16:18:05.966Z[39m [32mDEBUG[39m [97m@wdio/browserstack-service[39m teardown started
[90m2024-11-06T16:18:05.966Z[39m [32mDEBUG[39m [97m@wdio/browserstack-service[39m shutdown started
[90m2024-11-06T16:18:05.966Z[39m [32mDEBUG[39m [97m@wdio/browserstack-service[39m Shutting down request queue
[90m2024-11-06T16:18:05.966Z[39m [32mDEBUG[39m [97m@wdio/browserstack-service[39m calling callback with kind SHUTDOWN_QUEUE
[90m2024-11-06T16:18:05.966Z[39m [32mDEBUG[39m [97m@wdio/browserstack-service[39m callback: called with events 5
[90m2024-11-06T16:18:06.074Z[39m [32mDEBUG[39m [97m@wdio/browserstack-service[39m [BATCH_DATA] Success response: {"success":true}
[90m2024-11-06T16:18:06.074Z[39m [32mDEBUG[39m [97m@wdio/browserstack-service[39m callback: marking events success 5
[90m2024-11-06T16:18:06.074Z[39m [32mDEBUG[39m [97m@wdio/browserstack-service[39m shutdown ended
[90m2024-11-06T16:18:06.074Z[39m [32mDEBUG[39m [97m@wdio/browserstack-service[39m teardown ended
[90m2024-11-06T16:18:06.573Z[39m [32mDEBUG[39m [97m@wdio/browserstack-service[39m Added data to request queue. Queue length = 1
[90m2024-11-06T16:18:06.573Z[39m [32mDEBUG[39m [97m@wdio/browserstack-service[39m Force request-queue shutdown, as test run event is received after teardown
[90m2024-11-06T16:18:06.573Z[39m [32mDEBUG[39m [97m@wdio/browserstack-service[39m Sending data from request queue. Data length = 1, Queue length after removal = 0
[90m2024-11-06T16:18:06.573Z[39m [32mDEBUG[39m [97m@wdio/browserstack-service[39m calling callback with kind INTERVAL_QUEUE
[90m2024-11-06T16:18:06.573Z[39m [32mDEBUG[39m [97m@wdio/browserstack-service[39m callback: called with events 1
[90m2024-11-06T16:18:06.703Z[39m [32mDEBUG[39m [97m@wdio/browserstack-service[39m Inside OnComplete hook..
[90m2024-11-06T16:18:06.703Z[39m [32mDEBUG[39m [97m@wdio/browserstack-service[39m Sending stop launch event
[90m2024-11-06T16:18:07.015Z[39m [32mDEBUG[39m [97m@wdio/browserstack-service[39m [STOP_BUILD] Success response: 
[90m2024-11-06T16:18:07.016Z[39m [32mDEBUG[39m [97m@wdio/browserstack-service[39m Reading worker file worker-data-3688.json
[90m2024-11-06T16:18:07.018Z[39m [32mDEBUG[39m [97m@wdio/browserstack-service[39m Sending SDK event with data {
  userName: 'paulfreire_Kd7cMZ',
  accessKey: '4XEJ1JC4ydmn1wnHyEi6',
  event_type: 'SDKTestSuccessful',
  detectedFramework: 'WebdriverIO-mocha',
  event_properties: {
    language_framework: 'WebdriverIO_mocha',
    referrer: 'WebdriverIO-mocha/9.2.6',
    language: 'WebdriverIO',
    languageVersion: 'v22.10.0',
    buildName: 'undefined',
    buildIdentifier: 'undefined',
    os: 'Darwin',
    hostname: 'Crifas-MacBook-Pro-2.local',
    productMap: {
      observability: true,
      accessibility: false,
      percy: false,
      automate: true,
      app_automate: false
    },
    product: [ 'observability', 'automate' ],
    productUsage: {
      testObservability: {
        enabled: true,
        manuallySet: false,
        buildHashedId: 'dph9grv65d4zwe0bqnc31oeqrwpozoe8puauwm5h',
        events: {
          buildEvents: {
            started: { isTriggered: true, status: 'success', error: undefined },
            finished: { isTriggered: true, status: 'success', error: undefined }
          },
          testEvents: {
            started: { triggeredCount: 1, sentCount: 1, failedCount: 0 },
            finished: { triggeredCount: 1, sentCount: 1, failedCount: 0 },
            passed: { triggeredCount: 1, sentCount: 1, failedCount: 0 }
          },
          hookEvents: {
            started: { triggeredCount: 0, sentCount: 0, failedCount: 0 },
            finished: { triggeredCount: 0, sentCount: 0, failedCount: 0 }
          },
          logEvents: {
            triggeredCount: 11,
            sentCount: 11,
            failedCount: 0,
            http: { triggeredCount: 11, sentCount: 11, failedCount: 0 }
          },
          cbtSessionEvents: { triggeredCount: 0, sentCount: 0, failedCount: 0 }
        }
      }
    }
  }
}
[90m2024-11-06T16:18:07.443Z[39m [32mDEBUG[39m [97m@wdio/browserstack-service[39m Funnel Event Response: "{\"message\":\"SDK Event recorded successfully\"}"
[90m2024-11-06T16:18:07.443Z[39m [32mDEBUG[39m [97m@wdio/browserstack-service[39m Funnel event success
[90m2024-11-06T16:18:07.450Z[39m [32mDEBUG[39m [97m@wdio/browserstack-service[39m Failed to fire api request due to TypeError: fetch failed - TypeError: fetch failed
    at node:internal/deps/undici/undici:13392:13
    at process.processTicksAndRejections (node:internal/process/task_queues:105:5)
    at async nodeRequest (file:///Users/crifa/node_modules/@wdio/browserstack-service/build/index.js:880:22)
    at async uploadLogs (file:///Users/crifa/node_modules/@wdio/browserstack-service/build/index.js:1808:20)
    at async BrowserstackLauncherService._uploadServiceLogs (file:///Users/crifa/node_modules/@wdio/browserstack-service/build/index.js:3327:22)
    at async BrowserstackLauncherService.onComplete (file:///Users/crifa/node_modules/@wdio/browserstack-service/build/index.js:3203:7)
    at async file:///Users/crifa/wdio-appium/node_modules/@wdio/cli/build/index.js:1208:9
    at async Promise.all (index 0)
    at async Launcher.run (file:///Users/crifa/wdio-appium/node_modules/@wdio/cli/build/index.js:2200:7)
    at async Module.run (file:///Users/crifa/wdio-appium/node_modules/@wdio/cli/build/index.js:3217:16)
[90m2024-11-06T16:18:07.450Z[39m [32mDEBUG[39m [97m@wdio/browserstack-service[39m Response - undefined
